c:\users\t440\documents\visual studio 2013\projects\qtguiapplication1\qtguiapplication1\x64\debug\vc120.pdb
c:\users\t440\documents\visual studio 2013\projects\qtguiapplication1\qtguiapplication1\x64\debug\main.obj
c:\users\t440\documents\visual studio 2013\projects\qtguiapplication1\qtguiapplication1\x64\debug\moc_beginner.obj
c:\users\t440\documents\visual studio 2013\projects\qtguiapplication1\qtguiapplication1\x64\debug\beginner.obj
c:\users\t440\documents\visual studio 2013\projects\qtguiapplication1\qtguiapplication1\generatedfiles\debug\moc_beginner.cpp
c:\users\t440\documents\visual studio 2013\projects\qtguiapplication1\qtguiapplication1\generatedfiles\ui_beginner.h
c:\users\t440\documents\visual studio 2013\projects\qtguiapplication1\qtguiapplication1\generatedfiles\qrc_beginner.cpp
c:\users\t440\documents\visual studio 2013\projects\qtguiapplication1\x64\debug\qtguiapplication1.ilk
c:\users\t440\documents\visual studio 2013\projects\qtguiapplication1\x64\debug\qtguiapplication1.exe
c:\users\t440\documents\visual studio 2013\projects\qtguiapplication1\x64\debug\qtguiapplication1.pdb
c:\users\t440\documents\visual studio 2013\projects\qtguiapplication1\qtguiapplication1\x64\debug\icon.res
c:\users\t440\documents\visual studio 2013\projects\qtguiapplication1\qtguiapplication1\x64\debug\qtguiapp.b12702ad.tlog\cl.command.1.tlog
c:\users\t440\documents\visual studio 2013\projects\qtguiapplication1\qtguiapplication1\x64\debug\qtguiapp.b12702ad.tlog\cl.read.1.tlog
c:\users\t440\documents\visual studio 2013\projects\qtguiapplication1\qtguiapplication1\x64\debug\qtguiapp.b12702ad.tlog\cl.write.1.tlog
c:\users\t440\documents\visual studio 2013\projects\qtguiapplication1\qtguiapplication1\x64\debug\qtguiapp.b12702ad.tlog\custombuild.command.1.tlog
c:\users\t440\documents\visual studio 2013\projects\qtguiapplication1\qtguiapplication1\x64\debug\qtguiapp.b12702ad.tlog\custombuild.read.1.tlog
c:\users\t440\documents\visual studio 2013\projects\qtguiapplication1\qtguiapplication1\x64\debug\qtguiapp.b12702ad.tlog\custombuild.write.1.tlog
c:\users\t440\documents\visual studio 2013\projects\qtguiapplication1\qtguiapplication1\x64\debug\qtguiapp.b12702ad.tlog\link.command.1.tlog
c:\users\t440\documents\visual studio 2013\projects\qtguiapplication1\qtguiapplication1\x64\debug\qtguiapp.b12702ad.tlog\link.read.1.tlog
c:\users\t440\documents\visual studio 2013\projects\qtguiapplication1\qtguiapplication1\x64\debug\qtguiapp.b12702ad.tlog\link.write.1.tlog
c:\users\t440\documents\visual studio 2013\projects\qtguiapplication1\qtguiapplication1\x64\debug\qtguiapp.b12702ad.tlog\rc.command.1.tlog
c:\users\t440\documents\visual studio 2013\projects\qtguiapplication1\qtguiapplication1\x64\debug\qtguiapp.b12702ad.tlog\rc.read.1.tlog
c:\users\t440\documents\visual studio 2013\projects\qtguiapplication1\qtguiapplication1\x64\debug\qtguiapp.b12702ad.tlog\rc.write.1.tlog
